[debug] [2023-11-29T16:25:21.017Z] ----------------------------------------------------------------------
[debug] [2023-11-29T16:25:21.020Z] Command:       C:\Program Files\nodejs\node.exe C:\Users\thumm\AppData\Roaming\npm\node_modules\firebase-tools\lib\bin\firebase.js init
[debug] [2023-11-29T16:25:21.021Z] CLI Version:   12.9.1
[debug] [2023-11-29T16:25:21.021Z] Platform:      win32
[debug] [2023-11-29T16:25:21.021Z] Node Version:  v16.15.1
[debug] [2023-11-29T16:25:21.023Z] Time:          Wed Nov 29 2023 21:55:21 GMT+0530 (India Standard Time)
[debug] [2023-11-29T16:25:21.023Z] ----------------------------------------------------------------------
[debug] 
[debug] [2023-11-29T16:25:21.131Z] > command requires scopes: ["email","openid","https://www.googleapis.com/auth/cloudplatformprojects.readonly","https://www.googleapis.com/auth/firebase","https://www.googleapis.com/auth/cloud-platform"]
[debug] [2023-11-29T16:25:21.132Z] > authorizing via signed-in user (180130111006@gecg28.ac.in)
[info] 
     ######## #### ########  ######## ########     ###     ######  ########
     ##        ##  ##     ## ##       ##     ##  ##   ##  ##       ##
     ######    ##  ########  ######   ########  #########  ######  ######
     ##        ##  ##    ##  ##       ##     ## ##     ##       ## ##
     ##       #### ##     ## ######## ########  ##     ##  ######  ########

You're about to initialize a Firebase project in this directory:

  C:\Users\thumm\Desktop\React js\firebasedemo

Before we get started, keep in mind:

  * You are initializing within an existing Firebase project directory

